<?xml version="1.0" encoding="UTF-8"?>
<!-- Generated by org.testng.reporters.JUnitReportReporter -->
<testsuite hostname="DESKTOP-08OIPM4" failures="0" tests="1" name="com.banking.testcases.TC_LoginTest_001" time="2.435" errors="0" timestamp="17 May 2021 11:35:05 GMT" skipped="0">
  <testcase classname="com.banking.testcases.TC_LoginTest_001" name="logintest" time="2.435"/>
</testsuite> <!-- com.banking.testcases.TC_LoginTest_001 -->
