<?xml version="1.0" encoding="UTF-8"?>
<!-- Generated by org.testng.reporters.JUnitReportReporter -->
<testsuite hostname="DESKTOP-08OIPM4" failures="0" tests="1" name="com.banking.testcases.TC_LoginTest_001" time="5.529" errors="0" timestamp="25 May 2021 04:44:12 GMT" skipped="0">
  <testcase classname="com.banking.testcases.TC_LoginTest_001" name="logintest" time="5.529"/>
</testsuite> <!-- com.banking.testcases.TC_LoginTest_001 -->
